[2025/06/07 16:53:57] - Namespace(model='resnet50', model_norm='groupnorm', l2=0, l1=0, batch_size=128, data_dir='../cifar-data', epochs=200, lr_schedule='piecewise', lr_max=0.1, lr_one_drop=0.01, lr_drop_epoch=100, attack='pgd', epsilon=8, attack_iters=10, restarts=1, pgd_alpha=2, fgsm_alpha=1.25, norm='l_inf', fgsm_init='random', fname='resnet50_groupnorm_adv', seed=0, half=False, width_factor=10, resume=0, cutout=False, cutout_len=None, mixup=False, mixup_alpha=None, eval=False, val=False, chkpt_iters=10)
[2025/06/07 16:54:03] - Epoch 	 Train Time 	 Test Time 	 LR 	 	 Train Loss 	 Train Acc 	 Train Robust Loss 	 Train Robust Acc 	 Test Loss 	 Test Acc 	 Test Robust Loss 	 Test Robust Acc
[2025/06/07 17:00:06] - 0 	 302.1 	 	 61.3 	 	 0.1000 	 2.6952 	 0.1032 	 2.7948 	 	 0.0955 	 	 2.3038 	 0.1000 	 2.3041 	 	 0.1000
[2025/06/07 17:05:46] - 1 	 281.4 	 	 58.7 	 	 0.1000 	 2.3034 	 0.1023 	 2.3044 	 	 0.0998 	 	 2.3065 	 0.1000 	 2.3067 	 	 0.1000
[2025/06/07 17:11:28] - 2 	 283.5 	 	 58.8 	 	 0.1000 	 2.3038 	 0.1012 	 2.3046 	 	 0.0979 	 	 2.3044 	 0.1000 	 2.3046 	 	 0.1000
[2025/06/07 17:17:09] - 3 	 282.9 	 	 57.7 	 	 0.1000 	 2.3035 	 0.1020 	 2.3048 	 	 0.0968 	 	 2.3034 	 0.1000 	 2.3036 	 	 0.1000
[2025/06/07 17:22:50] - 4 	 282.9 	 	 58.2 	 	 0.1000 	 2.3023 	 0.1067 	 2.3040 	 	 0.1024 	 	 2.3042 	 0.1000 	 2.3052 	 	 0.1000
[2025/06/07 17:28:31] - 5 	 282.4 	 	 58.7 	 	 0.1000 	 2.2682 	 0.1391 	 2.2919 	 	 0.1170 	 	 2.1929 	 0.1611 	 2.2364 	 	 0.1460
[2025/06/07 17:34:16] - 6 	 285.1 	 	 59.3 	 	 0.1000 	 2.0802 	 0.2351 	 2.1731 	 	 0.1868 	 	 2.0066 	 0.2815 	 2.0976 	 	 0.2305
[2025/06/07 17:40:01] - 7 	 286.5 	 	 58.5 	 	 0.1000 	 2.0041 	 0.2711 	 2.1245 	 	 0.2085 	 	 1.9549 	 0.3050 	 2.0685 	 	 0.2443
[2025/06/07 17:45:45] - 8 	 284.7 	 	 58.8 	 	 0.1000 	 1.9593 	 0.2905 	 2.1020 	 	 0.2212 	 	 1.8993 	 0.3081 	 2.0413 	 	 0.2387
[2025/06/07 17:51:26] - 9 	 282.3 	 	 58.4 	 	 0.1000 	 1.8985 	 0.3113 	 2.0737 	 	 0.2294 	 	 1.8315 	 0.3362 	 2.0107 	 	 0.2605
[2025/06/07 17:57:08] - 10 	 283.8 	 	 58.3 	 	 0.1000 	 1.8527 	 0.3355 	 2.0524 	 	 0.2393 	 	 1.8564 	 0.3338 	 2.0379 	 	 0.2468
[2025/06/07 18:02:49] - 11 	 281.9 	 	 58.7 	 	 0.1000 	 1.8065 	 0.3519 	 2.0278 	 	 0.2461 	 	 1.7602 	 0.3794 	 1.9527 	 	 0.2686
[2025/06/07 18:08:34] - 12 	 285.9 	 	 59.2 	 	 0.1000 	 1.7691 	 0.3689 	 2.0086 	 	 0.2514 	 	 1.7815 	 0.3962 	 1.9525 	 	 0.2926
[2025/06/07 18:14:18] - 13 	 285.4 	 	 58.5 	 	 0.1000 	 1.7429 	 0.3855 	 1.9976 	 	 0.2582 	 	 1.7409 	 0.3860 	 1.9539 	 	 0.2838
[2025/06/07 18:19:58] - 14 	 282.6 	 	 57.8 	 	 0.1000 	 1.7047 	 0.4001 	 1.9763 	 	 0.2657 	 	 1.6531 	 0.4199 	 1.9125 	 	 0.2914
[2025/06/07 18:25:44] - 15 	 286.0 	 	 59.4 	 	 0.1000 	 1.6732 	 0.4134 	 1.9609 	 	 0.2700 	 	 1.6095 	 0.4420 	 1.8799 	 	 0.3046
[2025/06/07 18:31:28] - 16 	 285.8 	 	 58.4 	 	 0.1000 	 1.6475 	 0.4248 	 1.9504 	 	 0.2737 	 	 1.6269 	 0.4365 	 1.8759 	 	 0.3125
[2025/06/07 18:37:14] - 17 	 286.6 	 	 59.2 	 	 0.1000 	 1.6181 	 0.4383 	 1.9318 	 	 0.2799 	 	 1.6170 	 0.4310 	 1.8870 	 	 0.3097
[2025/06/07 18:43:02] - 18 	 288.4 	 	 58.8 	 	 0.1000 	 1.5923 	 0.4507 	 1.9197 	 	 0.2858 	 	 1.5754 	 0.4397 	 1.9169 	 	 0.2862
[2025/06/07 18:48:48] - 19 	 287.2 	 	 59.3 	 	 0.1000 	 1.5779 	 0.4539 	 1.9124 	 	 0.2881 	 	 1.6401 	 0.4408 	 1.8923 	 	 0.3039
[2025/06/07 18:54:32] - 20 	 285.6 	 	 58.8 	 	 0.1000 	 1.5577 	 0.4636 	 1.9009 	 	 0.2948 	 	 1.5111 	 0.4744 	 1.8257 	 	 0.3323
[2025/06/07 19:00:16] - 21 	 284.5 	 	 58.6 	 	 0.1000 	 1.5273 	 0.4777 	 1.8832 	 	 0.2997 	 	 1.4964 	 0.4877 	 1.8069 	 	 0.3265
[2025/06/07 19:05:59] - 22 	 284.4 	 	 58.3 	 	 0.1000 	 1.5130 	 0.4857 	 1.8766 	 	 0.3039 	 	 1.4850 	 0.5041 	 1.8497 	 	 0.3139
[2025/06/07 19:11:42] - 23 	 284.3 	 	 58.7 	 	 0.1000 	 1.4976 	 0.4911 	 1.8703 	 	 0.3043 	 	 1.4203 	 0.5053 	 1.8158 	 	 0.3215
[2025/06/07 19:17:29] - 24 	 287.8 	 	 59.6 	 	 0.1000 	 1.4904 	 0.4967 	 1.8670 	 	 0.3076 	 	 1.4600 	 0.4908 	 1.8374 	 	 0.3186
[2025/06/07 19:23:17] - 25 	 288.8 	 	 59.6 	 	 0.1000 	 1.4608 	 0.5107 	 1.8493 	 	 0.3133 	 	 1.4162 	 0.5027 	 1.8223 	 	 0.3218
[2025/06/07 19:29:04] - 26 	 287.8 	 	 58.6 	 	 0.1000 	 1.4480 	 0.5111 	 1.8434 	 	 0.3149 	 	 1.4427 	 0.5294 	 1.7724 	 	 0.3483
[2025/06/07 19:34:43] - 27 	 281.2 	 	 57.7 	 	 0.1000 	 1.4339 	 0.5182 	 1.8344 	 	 0.3179 	 	 1.4623 	 0.4845 	 1.8902 	 	 0.3056
[2025/06/07 19:40:27] - 28 	 285.3 	 	 59.1 	 	 0.1000 	 1.4213 	 0.5255 	 1.8307 	 	 0.3205 	 	 1.4034 	 0.5221 	 1.7960 	 	 0.3203
[2025/06/07 19:46:15] - 29 	 289.4 	 	 58.9 	 	 0.1000 	 1.4148 	 0.5266 	 1.8256 	 	 0.3222 	 	 1.4000 	 0.5206 	 1.7758 	 	 0.3360
[2025/06/07 19:52:01] - 30 	 286.4 	 	 59.4 	 	 0.1000 	 1.4017 	 0.5313 	 1.8184 	 	 0.3246 	 	 1.3733 	 0.5351 	 1.8149 	 	 0.3313
[2025/06/07 19:57:50] - 31 	 288.8 	 	 59.5 	 	 0.1000 	 1.3820 	 0.5400 	 1.8066 	 	 0.3273 	 	 1.3949 	 0.5271 	 1.7797 	 	 0.3394
[2025/06/07 20:03:39] - 32 	 289.9 	 	 59.4 	 	 0.1000 	 1.3740 	 0.5454 	 1.8026 	 	 0.3307 	 	 1.3614 	 0.5563 	 1.7419 	 	 0.3588
[2025/06/07 20:09:25] - 33 	 287.0 	 	 59.2 	 	 0.1000 	 1.3607 	 0.5510 	 1.7931 	 	 0.3314 	 	 1.4753 	 0.5049 	 1.8127 	 	 0.3374
[2025/06/07 20:15:12] - 34 	 287.2 	 	 59.6 	 	 0.1000 	 1.3440 	 0.5565 	 1.7874 	 	 0.3358 	 	 1.2976 	 0.5704 	 1.7139 	 	 0.3554
[2025/06/07 20:20:58] - 35 	 286.4 	 	 59.8 	 	 0.1000 	 1.3381 	 0.5585 	 1.7815 	 	 0.3388 	 	 1.2559 	 0.5533 	 1.7320 	 	 0.3537
[2025/06/07 20:26:43] - 36 	 285.8 	 	 59.1 	 	 0.1000 	 1.3261 	 0.5672 	 1.7769 	 	 0.3414 	 	 1.3709 	 0.5413 	 1.7456 	 	 0.3604
[2025/06/07 20:32:25] - 37 	 282.5 	 	 58.7 	 	 0.1000 	 1.3178 	 0.5676 	 1.7704 	 	 0.3412 	 	 1.3219 	 0.5486 	 1.7070 	 	 0.3710
[2025/06/07 20:38:08] - 38 	 284.6 	 	 58.5 	 	 0.1000 	 1.3130 	 0.5723 	 1.7671 	 	 0.3439 	 	 1.2924 	 0.5533 	 1.7160 	 	 0.3631
[2025/06/07 20:43:51] - 39 	 284.0 	 	 58.6 	 	 0.1000 	 1.3015 	 0.5789 	 1.7638 	 	 0.3460 	 	 1.2883 	 0.5719 	 1.7144 	 	 0.3654
[2025/06/07 20:49:32] - 40 	 282.3 	 	 59.6 	 	 0.1000 	 1.3035 	 0.5760 	 1.7680 	 	 0.3470 	 	 1.2918 	 0.5666 	 1.7428 	 	 0.3465
[2025/06/07 20:55:25] - 41 	 292.7 	 	 60.2 	 	 0.1000 	 1.2812 	 0.5838 	 1.7507 	 	 0.3494 	 	 1.2310 	 0.5801 	 1.6961 	 	 0.3770
[2025/06/07 21:01:19] - 42 	 293.9 	 	 59.3 	 	 0.1000 	 1.2766 	 0.5878 	 1.7495 	 	 0.3514 	 	 1.2575 	 0.5859 	 1.6508 	 	 0.3908
[2025/06/07 21:07:01] - 43 	 283.3 	 	 59.1 	 	 0.1000 	 1.2651 	 0.5927 	 1.7424 	 	 0.3546 	 	 1.2789 	 0.5983 	 1.6765 	 	 0.3819
[2025/06/07 21:12:46] - 44 	 285.7 	 	 58.6 	 	 0.1000 	 1.2598 	 0.5950 	 1.7389 	 	 0.3558 	 	 1.2155 	 0.6215 	 1.6655 	 	 0.3770
[2025/06/07 21:18:31] - 45 	 287.0 	 	 58.6 	 	 0.1000 	 1.2399 	 0.6025 	 1.7276 	 	 0.3586 	 	 1.3257 	 0.5744 	 1.7135 	 	 0.3716
[2025/06/07 21:24:16] - 46 	 286.0 	 	 59.0 	 	 0.1000 	 1.2440 	 0.6010 	 1.7299 	 	 0.3586 	 	 1.3647 	 0.5628 	 1.7192 	 	 0.3589
[2025/06/07 21:30:01] - 47 	 286.0 	 	 59.2 	 	 0.1000 	 1.2426 	 0.6042 	 1.7295 	 	 0.3564 	 	 1.3080 	 0.5751 	 1.6943 	 	 0.3639
[2025/06/07 21:35:43] - 48 	 282.9 	 	 58.2 	 	 0.1000 	 1.2334 	 0.6071 	 1.7236 	 	 0.3606 	 	 1.2804 	 0.5838 	 1.6766 	 	 0.3810
[2025/06/07 21:41:27] - 49 	 285.1 	 	 59.1 	 	 0.1000 	 1.2257 	 0.6100 	 1.7184 	 	 0.3644 	 	 1.2510 	 0.5859 	 1.6528 	 	 0.3966
[2025/06/07 21:47:11] - 50 	 284.9 	 	 59.1 	 	 0.1000 	 1.2126 	 0.6175 	 1.7129 	 	 0.3657 	 	 1.2352 	 0.6233 	 1.6555 	 	 0.3934
[2025/06/07 21:52:54] - 51 	 284.4 	 	 59.1 	 	 0.1000 	 1.2103 	 0.6175 	 1.7102 	 	 0.3646 	 	 1.2496 	 0.5853 	 1.6490 	 	 0.3848
[2025/06/07 21:58:38] - 52 	 284.6 	 	 58.8 	 	 0.1000 	 1.2067 	 0.6199 	 1.7079 	 	 0.3665 	 	 1.2569 	 0.5828 	 1.7042 	 	 0.3740
[2025/06/07 22:04:20] - 53 	 284.1 	 	 58.2 	 	 0.1000 	 1.1988 	 0.6203 	 1.7027 	 	 0.3713 	 	 1.1664 	 0.6057 	 1.6836 	 	 0.3797
[2025/06/07 22:10:04] - 54 	 284.9 	 	 59.2 	 	 0.1000 	 1.2091 	 0.6175 	 1.7111 	 	 0.3653 	 	 1.2314 	 0.6319 	 1.6465 	 	 0.4022
[2025/06/07 22:15:50] - 55 	 285.9 	 	 59.3 	 	 0.1000 	 1.1910 	 0.6233 	 1.7001 	 	 0.3699 	 	 1.2288 	 0.5845 	 1.6766 	 	 0.3765
[2025/06/07 22:21:32] - 56 	 284.0 	 	 58.3 	 	 0.1000 	 1.1861 	 0.6275 	 1.6959 	 	 0.3712 	 	 1.2125 	 0.6047 	 1.6923 	 	 0.3710
[2025/06/07 22:27:15] - 57 	 284.7 	 	 58.6 	 	 0.1000 	 1.1796 	 0.6303 	 1.6923 	 	 0.3730 	 	 1.2076 	 0.6065 	 1.6730 	 	 0.3845
[2025/06/07 22:32:58] - 58 	 284.2 	 	 58.7 	 	 0.1000 	 1.1756 	 0.6305 	 1.6905 	 	 0.3719 	 	 1.2794 	 0.6109 	 1.6551 	 	 0.3946
[2025/06/07 22:38:41] - 59 	 284.3 	 	 59.0 	 	 0.1000 	 1.1696 	 0.6336 	 1.6871 	 	 0.3745 	 	 1.1711 	 0.6250 	 1.6210 	 	 0.3974
[2025/06/07 22:44:26] - 60 	 285.4 	 	 59.1 	 	 0.1000 	 1.1824 	 0.6281 	 1.6958 	 	 0.3704 	 	 1.1439 	 0.6352 	 1.6381 	 	 0.3774
[2025/06/07 22:50:09] - 61 	 284.5 	 	 58.6 	 	 0.1000 	 1.1719 	 0.6312 	 1.6876 	 	 0.3746 	 	 1.2467 	 0.5916 	 1.6551 	 	 0.3980
[2025/06/07 22:55:53] - 62 	 284.7 	 	 58.8 	 	 0.1000 	 1.1645 	 0.6366 	 1.6828 	 	 0.3779 	 	 1.2413 	 0.5932 	 1.6925 	 	 0.3705
[2025/06/07 23:01:41] - 63 	 289.2 	 	 58.8 	 	 0.1000 	 1.1688 	 0.6347 	 1.6853 	 	 0.3760 	 	 1.2363 	 0.6257 	 1.6762 	 	 0.3948
[2025/06/07 23:07:25] - 64 	 285.4 	 	 59.4 	 	 0.1000 	 1.1595 	 0.6405 	 1.6830 	 	 0.3759 	 	 1.1105 	 0.6205 	 1.6414 	 	 0.3913
[2025/06/07 23:13:09] - 65 	 285.2 	 	 58.2 	 	 0.1000 	 1.1598 	 0.6372 	 1.6822 	 	 0.3772 	 	 1.2083 	 0.5935 	 1.7100 	 	 0.3798
[2025/06/07 23:18:51] - 66 	 284.1 	 	 58.5 	 	 0.1000 	 1.1622 	 0.6377 	 1.6834 	 	 0.3756 	 	 1.1681 	 0.6223 	 1.6273 	 	 0.4010
[2025/06/07 23:24:35] - 67 	 284.8 	 	 59.1 	 	 0.1000 	 1.1387 	 0.6461 	 1.6679 	 	 0.3814 	 	 1.1868 	 0.5978 	 1.6585 	 	 0.3870
[2025/06/07 23:30:18] - 68 	 284.7 	 	 58.4 	 	 0.1000 	 1.1442 	 0.6424 	 1.6712 	 	 0.3788 	 	 1.2643 	 0.5991 	 1.7768 	 	 0.3488
[2025/06/07 23:36:03] - 69 	 286.1 	 	 58.8 	 	 0.1000 	 1.1397 	 0.6477 	 1.6702 	 	 0.3804 	 	 1.1447 	 0.6302 	 1.6324 	 	 0.3976
[2025/06/07 23:41:47] - 70 	 284.3 	 	 59.1 	 	 0.1000 	 1.1363 	 0.6467 	 1.6691 	 	 0.3825 	 	 1.1384 	 0.6074 	 1.6511 	 	 0.3924
[2025/06/07 23:47:30] - 71 	 284.7 	 	 59.1 	 	 0.1000 	 1.1287 	 0.6500 	 1.6611 	 	 0.3849 	 	 1.0663 	 0.6616 	 1.5622 	 	 0.4255
[2025/06/07 23:53:16] - 72 	 285.9 	 	 59.3 	 	 0.1000 	 1.1475 	 0.6434 	 1.6758 	 	 0.3808 	 	 1.1357 	 0.6314 	 1.5940 	 	 0.4060
[2025/06/07 23:58:58] - 73 	 283.1 	 	 59.0 	 	 0.1000 	 1.1301 	 0.6510 	 1.6634 	 	 0.3844 	 	 1.1629 	 0.6505 	 1.5998 	 	 0.4101
[2025/06/08 00:04:40] - 74 	 283.5 	 	 58.3 	 	 0.1000 	 1.1353 	 0.6511 	 1.6679 	 	 0.3821 	 	 1.1675 	 0.6169 	 1.6489 	 	 0.3838
[2025/06/08 00:10:23] - 75 	 284.6 	 	 58.5 	 	 0.1000 	 1.1193 	 0.6558 	 1.6558 	 	 0.3856 	 	 1.1687 	 0.6261 	 1.6133 	 	 0.4093
[2025/06/08 00:16:07] - 76 	 284.9 	 	 59.1 	 	 0.1000 	 1.1286 	 0.6491 	 1.6640 	 	 0.3854 	 	 1.2054 	 0.6246 	 1.6626 	 	 0.3929
[2025/06/08 00:21:50] - 77 	 284.7 	 	 58.8 	 	 0.1000 	 1.1250 	 0.6528 	 1.6622 	 	 0.3852 	 	 1.1783 	 0.6161 	 1.6662 	 	 0.3773
[2025/06/08 00:27:34] - 78 	 285.2 	 	 58.8 	 	 0.1000 	 1.1312 	 0.6492 	 1.6651 	 	 0.3853 	 	 1.0904 	 0.6318 	 1.6811 	 	 0.3708
[2025/06/08 00:33:18] - 79 	 284.3 	 	 59.2 	 	 0.1000 	 1.1280 	 0.6512 	 1.6607 	 	 0.3849 	 	 1.1249 	 0.6393 	 1.6252 	 	 0.4044
[2025/06/08 00:39:01] - 80 	 284.0 	 	 59.2 	 	 0.1000 	 1.0988 	 0.6650 	 1.6447 	 	 0.3903 	 	 1.1285 	 0.6243 	 1.6002 	 	 0.4103
[2025/06/08 00:44:44] - 81 	 284.0 	 	 59.1 	 	 0.1000 	 1.1200 	 0.6575 	 1.6580 	 	 0.3867 	 	 1.0832 	 0.6603 	 1.6624 	 	 0.3761
[2025/06/08 00:50:28] - 82 	 285.3 	 	 58.6 	 	 0.1000 	 1.1101 	 0.6583 	 1.6526 	 	 0.3885 	 	 1.1310 	 0.6475 	 1.6064 	 	 0.4044
[2025/06/08 00:56:11] - 83 	 284.2 	 	 59.2 	 	 0.1000 	 1.1091 	 0.6617 	 1.6520 	 	 0.3898 	 	 1.1374 	 0.6307 	 1.5996 	 	 0.4116
[2025/06/08 01:01:53] - 84 	 283.2 	 	 58.2 	 	 0.1000 	 1.1032 	 0.6614 	 1.6474 	 	 0.3917 	 	 1.1985 	 0.6261 	 1.6663 	 	 0.3892
[2025/06/08 01:07:35] - 85 	 283.9 	 	 58.7 	 	 0.1000 	 1.1006 	 0.6626 	 1.6460 	 	 0.3897 	 	 1.2218 	 0.6287 	 1.6181 	 	 0.3970
[2025/06/08 01:13:17] - 86 	 283.2 	 	 58.8 	 	 0.1000 	 1.0956 	 0.6706 	 1.6422 	 	 0.3910 	 	 1.2528 	 0.5951 	 1.7359 	 	 0.3582
[2025/06/08 01:19:01] - 87 	 284.1 	 	 59.5 	 	 0.1000 	 1.1045 	 0.6634 	 1.6503 	 	 0.3894 	 	 1.1139 	 0.6440 	 1.5734 	 	 0.4218
[2025/06/08 01:24:45] - 88 	 284.2 	 	 59.2 	 	 0.1000 	 1.1040 	 0.6607 	 1.6475 	 	 0.3915 	 	 1.1645 	 0.6554 	 1.6042 	 	 0.4109
[2025/06/08 01:30:28] - 89 	 284.3 	 	 58.8 	 	 0.1000 	 1.0912 	 0.6669 	 1.6398 	 	 0.3898 	 	 1.1779 	 0.6179 	 1.6644 	 	 0.3805
[2025/06/08 01:36:11] - 90 	 284.7 	 	 58.7 	 	 0.1000 	 1.0952 	 0.6656 	 1.6431 	 	 0.3929 	 	 1.1527 	 0.6306 	 1.5908 	 	 0.4242
[2025/06/08 01:41:55] - 91 	 285.0 	 	 58.9 	 	 0.1000 	 1.0925 	 0.6660 	 1.6401 	 	 0.3940 	 	 1.1547 	 0.6274 	 1.6458 	 	 0.3945
[2025/06/08 01:47:37] - 92 	 282.9 	 	 58.8 	 	 0.1000 	 1.0981 	 0.6661 	 1.6468 	 	 0.3891 	 	 1.1009 	 0.6367 	 1.5953 	 	 0.4084
[2025/06/08 01:53:19] - 93 	 284.0 	 	 58.7 	 	 0.1000 	 1.1015 	 0.6640 	 1.6492 	 	 0.3879 	 	 1.1766 	 0.6358 	 1.6332 	 	 0.4041
[2025/06/08 01:59:01] - 94 	 283.1 	 	 58.5 	 	 0.1000 	 1.0888 	 0.6706 	 1.6389 	 	 0.3925 	 	 1.1052 	 0.6090 	 1.5931 	 	 0.4059
[2025/06/08 02:04:44] - 95 	 284.7 	 	 58.7 	 	 0.1000 	 1.0790 	 0.6732 	 1.6336 	 	 0.3946 	 	 1.1346 	 0.6517 	 1.5801 	 	 0.4146
[2025/06/08 02:10:28] - 96 	 284.7 	 	 59.0 	 	 0.1000 	 1.0884 	 0.6715 	 1.6404 	 	 0.3948 	 	 1.1939 	 0.6250 	 1.6398 	 	 0.3901
[2025/06/08 02:16:13] - 97 	 285.4 	 	 59.3 	 	 0.1000 	 1.0823 	 0.6720 	 1.6345 	 	 0.3954 	 	 1.1418 	 0.6102 	 1.6538 	 	 0.3836
[2025/06/08 02:21:58] - 98 	 287.1 	 	 58.5 	 	 0.1000 	 1.0866 	 0.6702 	 1.6366 	 	 0.3955 	 	 1.1460 	 0.6595 	 1.5959 	 	 0.4115
[2025/06/08 02:27:41] - 99 	 282.8 	 	 59.2 	 	 0.0100 	 1.0847 	 0.6711 	 1.6377 	 	 0.3926 	 	 1.0965 	 0.6582 	 1.5815 	 	 0.4090
[2025/06/08 02:33:25] - 100 	 284.7 	 	 59.4 	 	 0.0100 	 0.9005 	 0.7307 	 1.4281 	 	 0.4670 	 	 0.8526 	 0.7382 	 1.3937 	 	 0.4755
[2025/06/08 02:39:08] - 101 	 284.6 	 	 58.9 	 	 0.0100 	 0.8327 	 0.7546 	 1.3737 	 	 0.4859 	 	 0.8193 	 0.7540 	 1.3755 	 	 0.4846
[2025/06/08 02:44:50] - 102 	 283.0 	 	 58.8 	 	 0.0100 	 0.8070 	 0.7642 	 1.3545 	 	 0.4907 	 	 0.8137 	 0.7543 	 1.3652 	 	 0.4877
[2025/06/08 02:50:36] - 103 	 286.3 	 	 59.2 	 	 0.0100 	 0.7908 	 0.7695 	 1.3407 	 	 0.4975 	 	 0.7753 	 0.7681 	 1.3684 	 	 0.4836
[2025/06/08 02:56:20] - 104 	 284.7 	 	 58.8 	 	 0.0100 	 0.7737 	 0.7748 	 1.3297 	 	 0.5022 	 	 0.7787 	 0.7668 	 1.3682 	 	 0.4859
[2025/06/08 03:02:03] - 105 	 284.2 	 	 59.0 	 	 0.0100 	 0.7577 	 0.7811 	 1.3149 	 	 0.5078 	 	 0.7945 	 0.7606 	 1.3463 	 	 0.4959
[2025/06/08 03:07:48] - 106 	 285.7 	 	 59.2 	 	 0.0100 	 0.7489 	 0.7860 	 1.3088 	 	 0.5083 	 	 0.7501 	 0.7784 	 1.3414 	 	 0.4951
[2025/06/08 03:13:31] - 107 	 284.0 	 	 59.1 	 	 0.0100 	 0.7359 	 0.7897 	 1.2998 	 	 0.5112 	 	 0.7516 	 0.7693 	 1.3521 	 	 0.4903
[2025/06/08 03:19:17] - 108 	 286.8 	 	 58.8 	 	 0.0100 	 0.7306 	 0.7926 	 1.2954 	 	 0.5120 	 	 0.7856 	 0.7713 	 1.3578 	 	 0.4880
[2025/06/08 03:25:00] - 109 	 284.3 	 	 59.0 	 	 0.0100 	 0.7183 	 0.7983 	 1.2884 	 	 0.5126 	 	 0.7641 	 0.7751 	 1.3368 	 	 0.5009
[2025/06/08 03:30:46] - 110 	 286.1 	 	 59.3 	 	 0.0100 	 0.7118 	 0.8008 	 1.2825 	 	 0.5154 	 	 0.7687 	 0.7758 	 1.3576 	 	 0.4885
[2025/06/08 03:36:29] - 111 	 285.3 	 	 58.7 	 	 0.0100 	 0.7006 	 0.8032 	 1.2726 	 	 0.5208 	 	 0.7387 	 0.7836 	 1.3426 	 	 0.4992
[2025/06/08 03:42:14] - 112 	 285.8 	 	 59.2 	 	 0.0100 	 0.6938 	 0.8058 	 1.2679 	 	 0.5227 	 	 0.7518 	 0.7680 	 1.3452 	 	 0.4915
[2025/06/08 03:48:00] - 113 	 286.4 	 	 58.8 	 	 0.0100 	 0.6852 	 0.8098 	 1.2611 	 	 0.5222 	 	 0.7075 	 0.7767 	 1.3468 	 	 0.5004
[2025/06/08 03:53:46] - 114 	 287.1 	 	 59.5 	 	 0.0100 	 0.6833 	 0.8113 	 1.2627 	 	 0.5237 	 	 0.7529 	 0.7827 	 1.3466 	 	 0.4994
[2025/06/08 03:59:31] - 115 	 285.5 	 	 59.1 	 	 0.0100 	 0.6766 	 0.8129 	 1.2558 	 	 0.5256 	 	 0.7227 	 0.7868 	 1.3516 	 	 0.4938
[2025/06/08 04:05:16] - 116 	 286.0 	 	 59.2 	 	 0.0100 	 0.6673 	 0.8163 	 1.2496 	 	 0.5296 	 	 0.7257 	 0.7783 	 1.3443 	 	 0.4969
[2025/06/08 04:11:00] - 117 	 284.8 	 	 59.4 	 	 0.0100 	 0.6630 	 0.8173 	 1.2464 	 	 0.5278 	 	 0.7259 	 0.7829 	 1.3357 	 	 0.4960
[2025/06/08 04:16:45] - 118 	 285.1 	 	 59.5 	 	 0.0100 	 0.6614 	 0.8181 	 1.2464 	 	 0.5270 	 	 0.6743 	 0.8002 	 1.3666 	 	 0.4909
[2025/06/08 04:22:30] - 119 	 285.8 	 	 59.3 	 	 0.0100 	 0.6548 	 0.8200 	 1.2408 	 	 0.5312 	 	 0.7293 	 0.7769 	 1.3361 	 	 0.4978
[2025/06/08 04:28:16] - 120 	 286.6 	 	 59.5 	 	 0.0100 	 0.6496 	 0.8223 	 1.2356 	 	 0.5311 	 	 0.7243 	 0.7860 	 1.3437 	 	 0.4993
[2025/06/08 04:34:04] - 121 	 288.6 	 	 59.2 	 	 0.0100 	 0.6467 	 0.8248 	 1.2347 	 	 0.5315 	 	 0.6948 	 0.7783 	 1.3893 	 	 0.4889
[2025/06/08 04:39:48] - 122 	 285.3 	 	 58.7 	 	 0.0100 	 0.6436 	 0.8260 	 1.2328 	 	 0.5324 	 	 0.7016 	 0.7904 	 1.3846 	 	 0.4862
[2025/06/08 04:45:31] - 123 	 284.4 	 	 59.3 	 	 0.0100 	 0.6380 	 0.8270 	 1.2291 	 	 0.5326 	 	 0.6999 	 0.7938 	 1.3324 	 	 0.5001
[2025/06/08 04:51:14] - 124 	 284.2 	 	 58.8 	 	 0.0100 	 0.6334 	 0.8299 	 1.2269 	 	 0.5360 	 	 0.6968 	 0.7854 	 1.3543 	 	 0.4977
[2025/06/08 04:57:00] - 125 	 286.3 	 	 59.3 	 	 0.0100 	 0.6290 	 0.8301 	 1.2227 	 	 0.5362 	 	 0.6900 	 0.7941 	 1.3684 	 	 0.4940
[2025/06/08 05:02:47] - 126 	 288.1 	 	 59.3 	 	 0.0100 	 0.6225 	 0.8328 	 1.2169 	 	 0.5365 	 	 0.6875 	 0.7803 	 1.4066 	 	 0.4849
[2025/06/08 05:08:34] - 127 	 287.2 	 	 59.4 	 	 0.0100 	 0.6188 	 0.8339 	 1.2131 	 	 0.5393 	 	 0.7187 	 0.7829 	 1.3315 	 	 0.5041
[2025/06/08 05:14:20] - 128 	 287.4 	 	 58.9 	 	 0.0100 	 0.6169 	 0.8356 	 1.2141 	 	 0.5382 	 	 0.7056 	 0.7859 	 1.3282 	 	 0.5059
[2025/06/08 05:20:08] - 129 	 288.2 	 	 59.4 	 	 0.0100 	 0.6113 	 0.8357 	 1.2060 	 	 0.5413 	 	 0.7057 	 0.7963 	 1.3368 	 	 0.5073
[2025/06/08 05:25:53] - 130 	 285.7 	 	 59.3 	 	 0.0100 	 0.6113 	 0.8369 	 1.2075 	 	 0.5418 	 	 0.6840 	 0.7847 	 1.3694 	 	 0.4913
[2025/06/08 05:31:38] - 131 	 286.1 	 	 58.7 	 	 0.0100 	 0.6030 	 0.8389 	 1.2008 	 	 0.5431 	 	 0.7190 	 0.7801 	 1.3590 	 	 0.4921
[2025/06/08 05:37:23] - 132 	 285.8 	 	 58.9 	 	 0.0100 	 0.6040 	 0.8402 	 1.2042 	 	 0.5394 	 	 0.7660 	 0.7710 	 1.3622 	 	 0.5001
[2025/06/08 05:43:06] - 133 	 284.9 	 	 58.5 	 	 0.0100 	 0.6018 	 0.8410 	 1.1998 	 	 0.5441 	 	 0.6880 	 0.7904 	 1.3808 	 	 0.4883
[2025/06/08 05:48:49] - 134 	 284.6 	 	 58.3 	 	 0.0100 	 0.5907 	 0.8448 	 1.1909 	 	 0.5451 	 	 0.6659 	 0.7922 	 1.3540 	 	 0.4985
[2025/06/08 05:54:32] - 135 	 283.4 	 	 59.4 	 	 0.0100 	 0.5863 	 0.8457 	 1.1881 	 	 0.5494 	 	 0.7335 	 0.7830 	 1.3438 	 	 0.5023
[2025/06/08 06:00:17] - 136 	 285.9 	 	 59.3 	 	 0.0100 	 0.5831 	 0.8478 	 1.1843 	 	 0.5479 	 	 0.6802 	 0.7980 	 1.3505 	 	 0.5017
[2025/06/08 06:06:01] - 137 	 285.7 	 	 58.7 	 	 0.0100 	 0.5825 	 0.8476 	 1.1854 	 	 0.5492 	 	 0.7011 	 0.7898 	 1.4118 	 	 0.4867
[2025/06/08 06:11:46] - 138 	 285.3 	 	 58.9 	 	 0.0100 	 0.5799 	 0.8478 	 1.1822 	 	 0.5487 	 	 0.6970 	 0.7915 	 1.3415 	 	 0.4994
[2025/06/08 06:17:31] - 139 	 286.7 	 	 58.9 	 	 0.0100 	 0.5804 	 0.8479 	 1.1841 	 	 0.5486 	 	 0.7198 	 0.7737 	 1.3793 	 	 0.4934
[2025/06/08 06:23:17] - 140 	 286.9 	 	 59.3 	 	 0.0100 	 0.5705 	 0.8515 	 1.1739 	 	 0.5499 	 	 0.6767 	 0.7954 	 1.3614 	 	 0.5007
[2025/06/08 06:29:04] - 141 	 286.8 	 	 59.4 	 	 0.0100 	 0.5721 	 0.8512 	 1.1765 	 	 0.5497 	 	 0.7106 	 0.7898 	 1.3644 	 	 0.4952
[2025/06/08 06:34:48] - 142 	 286.0 	 	 59.0 	 	 0.0100 	 0.5697 	 0.8523 	 1.1743 	 	 0.5523 	 	 0.6832 	 0.7931 	 1.3789 	 	 0.4897
[2025/06/08 06:40:30] - 143 	 282.2 	 	 59.2 	 	 0.0100 	 0.5614 	 0.8534 	 1.1669 	 	 0.5543 	 	 0.7037 	 0.7897 	 1.3632 	 	 0.4983
[2025/06/08 06:46:16] - 144 	 287.1 	 	 59.3 	 	 0.0100 	 0.5609 	 0.8567 	 1.1653 	 	 0.5545 	 	 0.6727 	 0.7772 	 1.4148 	 	 0.4873
[2025/06/08 06:52:01] - 145 	 285.4 	 	 59.0 	 	 0.0100 	 0.5552 	 0.8563 	 1.1585 	 	 0.5579 	 	 0.6832 	 0.7854 	 1.3777 	 	 0.4946
[2025/06/08 06:57:45] - 146 	 285.7 	 	 59.2 	 	 0.0100 	 0.5570 	 0.8589 	 1.1627 	 	 0.5543 	 	 0.6558 	 0.7992 	 1.3947 	 	 0.4904
[2025/06/08 07:03:31] - 147 	 286.2 	 	 59.2 	 	 0.0100 	 0.5537 	 0.8574 	 1.1601 	 	 0.5574 	 	 0.6594 	 0.7993 	 1.3448 	 	 0.5028
[2025/06/08 07:09:15] - 148 	 284.8 	 	 59.2 	 	 0.0100 	 0.5461 	 0.8596 	 1.1515 	 	 0.5596 	 	 0.6387 	 0.8071 	 1.3669 	 	 0.4952
[2025/06/08 07:14:56] - 149 	 282.8 	 	 58.7 	 	 0.0010 	 0.5385 	 0.8635 	 1.1451 	 	 0.5603 	 	 0.6681 	 0.7865 	 1.3654 	 	 0.4952
[2025/06/08 07:20:41] - 150 	 285.6 	 	 59.3 	 	 0.0010 	 0.4625 	 0.8813 	 0.9932 	 	 0.6126 	 	 0.5612 	 0.8266 	 1.3376 	 	 0.5152
[2025/06/08 07:26:27] - 151 	 286.1 	 	 59.6 	 	 0.0010 	 0.4299 	 0.8898 	 0.9526 	 	 0.6273 	 	 0.5568 	 0.8314 	 1.3335 	 	 0.5190
[2025/06/08 07:32:12] - 152 	 285.1 	 	 59.7 	 	 0.0010 	 0.4162 	 0.8941 	 0.9330 	 	 0.6320 	 	 0.5450 	 0.8363 	 1.3612 	 	 0.5134
[2025/06/08 07:37:56] - 153 	 285.0 	 	 59.2 	 	 0.0010 	 0.4080 	 0.8977 	 0.9229 	 	 0.6366 	 	 0.5461 	 0.8340 	 1.3555 	 	 0.5158
[2025/06/08 07:43:41] - 154 	 286.0 	 	 59.1 	 	 0.0010 	 0.4015 	 0.8982 	 0.9146 	 	 0.6389 	 	 0.5348 	 0.8313 	 1.3701 	 	 0.5156
[2025/06/08 07:49:25] - 155 	 284.5 	 	 59.2 	 	 0.0010 	 0.3930 	 0.9008 	 0.9051 	 	 0.6424 	 	 0.5329 	 0.8362 	 1.3936 	 	 0.5109
[2025/06/08 07:55:10] - 156 	 285.6 	 	 59.6 	 	 0.0010 	 0.3881 	 0.9037 	 0.8984 	 	 0.6444 	 	 0.5334 	 0.8346 	 1.4030 	 	 0.5119
[2025/06/08 08:00:54] - 157 	 285.2 	 	 59.1 	 	 0.0010 	 0.3847 	 0.9043 	 0.8931 	 	 0.6476 	 	 0.5329 	 0.8328 	 1.3907 	 	 0.5131
[2025/06/08 08:06:40] - 158 	 286.2 	 	 59.5 	 	 0.0010 	 0.3757 	 0.9069 	 0.8823 	 	 0.6531 	 	 0.5379 	 0.8316 	 1.3884 	 	 0.5144
[2025/06/08 08:12:27] - 159 	 287.1 	 	 59.6 	 	 0.0010 	 0.3711 	 0.9078 	 0.8767 	 	 0.6554 	 	 0.5329 	 0.8386 	 1.4076 	 	 0.5122
[2025/06/08 08:18:13] - 160 	 287.1 	 	 59.4 	 	 0.0010 	 0.3666 	 0.9094 	 0.8702 	 	 0.6563 	 	 0.5295 	 0.8362 	 1.3948 	 	 0.5132
[2025/06/08 08:23:58] - 161 	 286.0 	 	 59.3 	 	 0.0010 	 0.3627 	 0.9115 	 0.8669 	 	 0.6568 	 	 0.5229 	 0.8381 	 1.4208 	 	 0.5123
[2025/06/08 08:29:45] - 162 	 286.9 	 	 59.7 	 	 0.0010 	 0.3569 	 0.9126 	 0.8595 	 	 0.6611 	 	 0.5273 	 0.8396 	 1.4201 	 	 0.5081
[2025/06/08 08:35:29] - 163 	 284.9 	 	 59.1 	 	 0.0010 	 0.3532 	 0.9126 	 0.8543 	 	 0.6622 	 	 0.5196 	 0.8391 	 1.4488 	 	 0.5105
[2025/06/08 08:41:15] - 164 	 286.9 	 	 59.5 	 	 0.0010 	 0.3495 	 0.9144 	 0.8495 	 	 0.6641 	 	 0.5281 	 0.8369 	 1.4288 	 	 0.5053
[2025/06/08 08:46:59] - 165 	 284.5 	 	 59.5 	 	 0.0010 	 0.3460 	 0.9149 	 0.8429 	 	 0.6671 	 	 0.5187 	 0.8352 	 1.4486 	 	 0.5078
[2025/06/08 08:52:42] - 166 	 283.2 	 	 59.5 	 	 0.0010 	 0.3410 	 0.9178 	 0.8383 	 	 0.6679 	 	 0.5182 	 0.8348 	 1.4557 	 	 0.5090
[2025/06/08 08:58:27] - 167 	 286.0 	 	 58.9 	 	 0.0010 	 0.3376 	 0.9184 	 0.8335 	 	 0.6693 	 	 0.5126 	 0.8356 	 1.4777 	 	 0.5068
[2025/06/08 09:04:11] - 168 	 283.6 	 	 59.9 	 	 0.0010 	 0.3354 	 0.9186 	 0.8302 	 	 0.6705 	 	 0.5146 	 0.8367 	 1.5101 	 	 0.5019
[2025/06/08 09:09:54] - 169 	 284.7 	 	 59.0 	 	 0.0010 	 0.3295 	 0.9211 	 0.8217 	 	 0.6730 	 	 0.5169 	 0.8384 	 1.4914 	 	 0.5031
[2025/06/08 09:15:40] - 170 	 286.2 	 	 59.7 	 	 0.0010 	 0.3273 	 0.9213 	 0.8181 	 	 0.6750 	 	 0.5097 	 0.8443 	 1.5044 	 	 0.5044
[2025/06/08 09:21:26] - 171 	 285.6 	 	 60.1 	 	 0.0010 	 0.3232 	 0.9236 	 0.8148 	 	 0.6761 	 	 0.5080 	 0.8402 	 1.5416 	 	 0.4983
[2025/06/08 09:27:11] - 172 	 285.6 	 	 59.3 	 	 0.0010 	 0.3193 	 0.9250 	 0.8106 	 	 0.6759 	 	 0.5145 	 0.8390 	 1.5099 	 	 0.5055
[2025/06/08 09:32:56] - 173 	 285.5 	 	 59.6 	 	 0.0010 	 0.3169 	 0.9240 	 0.8063 	 	 0.6792 	 	 0.5200 	 0.8351 	 1.5241 	 	 0.5013
[2025/06/08 09:38:40] - 174 	 285.2 	 	 59.6 	 	 0.0010 	 0.3136 	 0.9263 	 0.8031 	 	 0.6799 	 	 0.5117 	 0.8406 	 1.5252 	 	 0.4993
[2025/06/08 09:44:26] - 175 	 286.0 	 	 59.2 	 	 0.0010 	 0.3097 	 0.9271 	 0.7963 	 	 0.6826 	 	 0.5177 	 0.8367 	 1.5002 	 	 0.5056
[2025/06/08 09:50:09] - 176 	 283.7 	 	 59.8 	 	 0.0010 	 0.3078 	 0.9286 	 0.7945 	 	 0.6811 	 	 0.5135 	 0.8390 	 1.5392 	 	 0.5020
[2025/06/08 09:55:54] - 177 	 285.9 	 	 59.1 	 	 0.0010 	 0.3038 	 0.9271 	 0.7888 	 	 0.6853 	 	 0.5212 	 0.8351 	 1.5246 	 	 0.5021
[2025/06/08 10:01:37] - 178 	 283.4 	 	 59.8 	 	 0.0010 	 0.3001 	 0.9293 	 0.7857 	 	 0.6877 	 	 0.5065 	 0.8380 	 1.5717 	 	 0.5005
[2025/06/08 10:07:22] - 179 	 285.3 	 	 59.2 	 	 0.0010 	 0.2967 	 0.9308 	 0.7802 	 	 0.6887 	 	 0.5098 	 0.8390 	 1.5704 	 	 0.5008
[2025/06/08 10:13:07] - 180 	 285.4 	 	 59.8 	 	 0.0010 	 0.2950 	 0.9310 	 0.7782 	 	 0.6894 	 	 0.5168 	 0.8398 	 1.5397 	 	 0.5020
[2025/06/08 10:18:54] - 181 	 286.7 	 	 59.9 	 	 0.0010 	 0.2928 	 0.9328 	 0.7761 	 	 0.6908 	 	 0.5088 	 0.8412 	 1.5937 	 	 0.5015
[2025/06/08 10:24:36] - 182 	 282.7 	 	 59.5 	 	 0.0010 	 0.2904 	 0.9345 	 0.7715 	 	 0.6905 	 	 0.5157 	 0.8370 	 1.5775 	 	 0.4996
[2025/06/08 10:30:21] - 183 	 285.8 	 	 59.1 	 	 0.0010 	 0.2850 	 0.9332 	 0.7653 	 	 0.6941 	 	 0.5148 	 0.8376 	 1.6100 	 	 0.4963
[2025/06/08 10:36:06] - 184 	 286.2 	 	 59.1 	 	 0.0010 	 0.2825 	 0.9348 	 0.7623 	 	 0.6939 	 	 0.5234 	 0.8300 	 1.5961 	 	 0.4957
[2025/06/08 10:41:49] - 185 	 284.2 	 	 59.3 	 	 0.0010 	 0.2802 	 0.9354 	 0.7580 	 	 0.6979 	 	 0.5155 	 0.8363 	 1.6073 	 	 0.5043
[2025/06/08 10:47:34] - 186 	 285.0 	 	 59.1 	 	 0.0010 	 0.2766 	 0.9369 	 0.7547 	 	 0.6983 	 	 0.5077 	 0.8371 	 1.6305 	 	 0.4979
